This file contains any messages produced by compilers while
running configure, to aid debugging if configure makes a mistake.

It was created by configure, which was
generated by GNU Autoconf 2.69.  Invocation command line was

  $ ./configure 

## --------- ##
## Platform. ##
## --------- ##

hostname = 3034aa052a21
uname -m = x86_64
uname -r = 4.4.89-boot2docker
uname -s = Linux
uname -v = #1 SMP Wed Sep 27 22:59:39 UTC 2017

/usr/bin/uname -p = unknown
/bin/uname -X     = unknown

/bin/arch              = unknown
/usr/bin/arch -k       = unknown
/usr/convex/getsysinfo = unknown
/usr/bin/hostinfo      = unknown
/bin/machine           = unknown
/usr/bin/oslevel       = unknown
/bin/universe          = unknown

PATH: /usr/local/sbin
PATH: /usr/local/bin
PATH: /usr/sbin
PATH: /usr/bin
PATH: /sbin
PATH: /bin


## ----------- ##
## Core tests. ##
## ----------- ##

configure:2311: checking for grep that handles long lines and -e
configure:2369: result: /bin/grep
configure:2374: checking for egrep
configure:2436: result: /bin/grep -E
configure:2441: checking for a sed that does not truncate output
configure:2495: result: /bin/sed
configure:2632: checking for cc
configure:2648: found /usr/bin/cc
configure:2659: result: cc
configure:2690: checking for C compiler version
configure:2699: cc --version >&5
cc (Debian 6.3.0-18) 6.3.0 20170516
Copyright (C) 2016 Free Software Foundation, Inc.
This is free software; see the source for copying conditions.  There is NO
warranty; not even for MERCHANTABILITY or FITNESS FOR A PARTICULAR PURPOSE.

configure:2710: $? = 0
configure:2699: cc -v >&5
Using built-in specs.
COLLECT_GCC=cc
COLLECT_LTO_WRAPPER=/usr/lib/gcc/x86_64-linux-gnu/6/lto-wrapper
Target: x86_64-linux-gnu
Configured with: ../src/configure -v --with-pkgversion='Debian 6.3.0-18' --with-bugurl=file:///usr/share/doc/gcc-6/README.Bugs --enable-languages=c,ada,c++,java,go,d,fortran,objc,obj-c++ --prefix=/usr --program-suffix=-6 --program-prefix=x86_64-linux-gnu- --enable-shared --enable-linker-build-id --libexecdir=/usr/lib --without-included-gettext --enable-threads=posix --libdir=/usr/lib --enable-nls --with-sysroot=/ --enable-clocale=gnu --enable-libstdcxx-debug --enable-libstdcxx-time=yes --with-default-libstdcxx-abi=new --enable-gnu-unique-object --disable-vtable-verify --enable-libmpx --enable-plugin --enable-default-pie --with-system-zlib --disable-browser-plugin --enable-java-awt=gtk --enable-gtk-cairo --with-java-home=/usr/lib/jvm/java-1.5.0-gcj-6-amd64/jre --enable-java-home --with-jvm-root-dir=/usr/lib/jvm/java-1.5.0-gcj-6-amd64 --with-jvm-jar-dir=/usr/lib/jvm-exports/java-1.5.0-gcj-6-amd64 --with-arch-directory=amd64 --with-ecj-jar=/usr/share/java/eclipse-ecj.jar --with-target-system-zlib --enable-objc-gc=auto --enable-multiarch --with-arch-32=i686 --with-abi=m64 --with-multilib-list=m32,m64,mx32 --enable-multilib --with-tune=generic --enable-checking=release --build=x86_64-linux-gnu --host=x86_64-linux-gnu --target=x86_64-linux-gnu
Thread model: posix
gcc version 6.3.0 20170516 (Debian 6.3.0-18) 
configure:2710: $? = 0
configure:2699: cc -V >&5
cc: error: unrecognized command line option '-V'
cc: fatal error: no input files
compilation terminated.
configure:2710: $? = 1
configure:2699: cc -qversion >&5
cc: error: unrecognized command line option '-qversion'; did you mean '--version'?
cc: fatal error: no input files
compilation terminated.
configure:2710: $? = 1
configure:2730: checking whether the C compiler works
configure:2752: cc    conftest.c  >&5
configure:2756: $? = 0
configure:2804: result: yes
configure:2807: checking for C compiler default output file name
configure:2809: result: a.out
configure:2815: checking for suffix of executables
configure:2822: cc -o conftest    conftest.c  >&5
configure:2826: $? = 0
configure:2848: result: 
configure:2870: checking whether we are cross compiling
configure:2878: cc -o conftest    conftest.c  >&5
configure:2882: $? = 0
configure:2889: ./conftest
configure:2893: $? = 0
configure:2908: result: no
configure:2913: checking for suffix of object files
configure:2935: cc -c   conftest.c >&5
configure:2939: $? = 0
configure:2960: result: o
configure:2964: checking whether we are using the GNU C compiler
configure:2983: cc -c   conftest.c >&5
configure:2983: $? = 0
configure:2992: result: yes
configure:3001: checking whether cc accepts -g
configure:3021: cc -c -g  conftest.c >&5
configure:3021: $? = 0
configure:3062: result: yes
configure:3079: checking for cc option to accept ISO C89
configure:3142: cc  -c -g -O2  conftest.c >&5
configure:3142: $? = 0
configure:3155: result: none needed
configure:3181: checking how to run the C preprocessor
configure:3212: cc -E  conftest.c
configure:3212: $? = 0
configure:3226: cc -E  conftest.c
conftest.c:9:28: fatal error: ac_nonexistent.h: No such file or directory
 #include <ac_nonexistent.h>
                            ^
compilation terminated.
configure:3226: $? = 1
configure: failed program was:
| /* confdefs.h */
| #define PACKAGE_NAME ""
| #define PACKAGE_TARNAME ""
| #define PACKAGE_VERSION ""
| #define PACKAGE_STRING ""
| #define PACKAGE_BUGREPORT ""
| #define PACKAGE_URL ""
| /* end confdefs.h.  */
| #include <ac_nonexistent.h>
configure:3251: result: cc -E
configure:3271: cc -E  conftest.c
configure:3271: $? = 0
configure:3285: cc -E  conftest.c
conftest.c:9:28: fatal error: ac_nonexistent.h: No such file or directory
 #include <ac_nonexistent.h>
                            ^
compilation terminated.
configure:3285: $? = 1
configure: failed program was:
| /* confdefs.h */
| #define PACKAGE_NAME ""
| #define PACKAGE_TARNAME ""
| #define PACKAGE_VERSION ""
| #define PACKAGE_STRING ""
| #define PACKAGE_BUGREPORT ""
| #define PACKAGE_URL ""
| /* end confdefs.h.  */
| #include <ac_nonexistent.h>
configure:3316: checking for icc
configure:3325: result: no
configure:3339: checking for suncc
configure:3348: result: no
configure:3366: checking whether cc understands -c and -o together
configure:3394: cc -c conftest.c -o conftest2.o >&5
configure:3398: $? = 0
configure:3404: cc -c conftest.c -o conftest2.o >&5
configure:3408: $? = 0
configure:3463: result: yes
configure:3477: checking for system library directory
configure:3492: result: lib
configure:3499: checking if compiler supports -R
configure:3518: cc -o conftest -g -O2   conftest.c -R /usr/lib  >&5
cc: error: unrecognized command line option '-R'; did you mean '-R'?
configure:3518: $? = 1
configure: failed program was:
| /* confdefs.h */
| #define PACKAGE_NAME ""
| #define PACKAGE_TARNAME ""
| #define PACKAGE_VERSION ""
| #define PACKAGE_STRING ""
| #define PACKAGE_BUGREPORT ""
| #define PACKAGE_URL ""
| /* end confdefs.h.  */
| 
| int
| main ()
| {
| 
|   ;
|   return 0;
| }
configure:3528: result: no
configure:3533: checking if compiler supports -Wl,-rpath,
configure:3552: cc -o conftest -g -O2   conftest.c -Wl,-rpath,/usr/lib  >&5
configure:3552: $? = 0
configure:3562: result: yes
configure:3607: checking build system type
configure:3621: result: x86_64-unknown-linux-gnu
configure:3641: checking host system type
configure:3654: result: x86_64-unknown-linux-gnu
configure:3674: checking target system type
configure:3687: result: x86_64-unknown-linux-gnu
configure:3790: checking for PHP prefix
configure:3792: result: /usr/local
configure:3794: checking for PHP includes
configure:3796: result: -I/usr/local/include/php -I/usr/local/include/php/main -I/usr/local/include/php/TSRM -I/usr/local/include/php/Zend -I/usr/local/include/php/ext -I/usr/local/include/php/ext/date/lib
configure:3798: checking for PHP extension directory
configure:3800: result: /usr/local/lib/php/20170718
configure:3802: checking for PHP installed headers prefix
configure:3804: result: /usr/local/include/php
configure:3807: checking if debug is enabled
configure:3833: result: no
configure:3836: checking if zts is enabled
configure:3862: result: no
configure:3933: checking for re2c
configure:3963: result: no
configure:3988: WARNING: You will need re2c 0.13.4 or later if you want to regenerate PHP parsers.
configure:4002: checking for gawk
configure:4033: result: no
configure:4002: checking for nawk
configure:4019: found /usr/bin/nawk
configure:4030: result: nawk
configure:4053: checking if nawk is broken
configure:4060: result: no
configure:4074: checking whether to enable Zend OPcache support
configure:4113: result: yes, shared
configure:4122: checking whether to enable file based caching
configure:4136: result: yes
configure:4145: checking whether to enable copying PHP CODE pages into HUGE PAGES
configure:4159: result: yes
configure:4179: checking for mprotect
configure:4179: cc -o conftest -g -O2   conftest.c  >&5
configure:4179: $? = 0
configure:4179: result: yes
configure:4189: checking for ANSI C header files
configure:4209: cc -c -g -O2  conftest.c >&5
configure:4209: $? = 0
configure:4282: cc -o conftest -g -O2   conftest.c  >&5
configure:4282: $? = 0
configure:4282: ./conftest
configure:4282: $? = 0
configure:4293: result: yes
configure:4306: checking for sys/types.h
configure:4306: cc -c -g -O2  conftest.c >&5
configure:4306: $? = 0
configure:4306: result: yes
configure:4306: checking for sys/stat.h
configure:4306: cc -c -g -O2  conftest.c >&5
configure:4306: $? = 0
configure:4306: result: yes
configure:4306: checking for stdlib.h
configure:4306: cc -c -g -O2  conftest.c >&5
configure:4306: $? = 0
configure:4306: result: yes
configure:4306: checking for string.h
configure:4306: cc -c -g -O2  conftest.c >&5
configure:4306: $? = 0
configure:4306: result: yes
configure:4306: checking for memory.h
configure:4306: cc -c -g -O2  conftest.c >&5
configure:4306: $? = 0
configure:4306: result: yes
configure:4306: checking for strings.h
configure:4306: cc -c -g -O2  conftest.c >&5
configure:4306: $? = 0
configure:4306: result: yes
configure:4306: checking for inttypes.h
configure:4306: cc -c -g -O2  conftest.c >&5
configure:4306: $? = 0
configure:4306: result: yes
configure:4306: checking for stdint.h
configure:4306: cc -c -g -O2  conftest.c >&5
configure:4306: $? = 0
configure:4306: result: yes
configure:4306: checking for unistd.h
configure:4306: cc -c -g -O2  conftest.c >&5
configure:4306: $? = 0
configure:4306: result: yes
configure:4321: checking for unistd.h
configure:4321: result: yes
configure:4321: checking sys/uio.h usability
configure:4321: cc -c -g -O2  conftest.c >&5
configure:4321: $? = 0
configure:4321: result: yes
configure:4321: checking sys/uio.h presence
configure:4321: cc -E  conftest.c
configure:4321: $? = 0
configure:4321: result: yes
configure:4321: checking for sys/uio.h
configure:4321: result: yes
configure:4332: checking for sysvipc shared memory support
configure:4405: cc -o conftest -g -O2   conftest.c  >&5
configure:4405: $? = 0
configure:4405: ./conftest
configure:4405: $? = 0
configure:4417: result: yes
configure:4420: checking for mmap() using MAP_ANON shared memory support
configure:4475: cc -o conftest -g -O2   conftest.c  >&5
configure:4475: $? = 0
configure:4475: ./conftest
configure:4475: $? = 0
configure:4487: result: yes
configure:4490: checking for mmap() using /dev/zero shared memory support
configure:4548: cc -o conftest -g -O2   conftest.c  >&5
configure:4548: $? = 0
configure:4548: ./conftest
configure:4548: $? = 0
configure:4560: result: yes
configure:4563: checking for mmap() using shm_open() shared memory support
configure:4635: cc -o conftest -g -O2   conftest.c  >&5
/tmp/cc0uYJjO.o: In function `main':
/build/php-src-php-7.2.1/ext/opcache/conftest.c:50: warning: the use of `mktemp' is dangerous, better use `mkstemp' or `mkdtemp'
/build/php-src-php-7.2.1/ext/opcache/conftest.c:53: undefined reference to `shm_open'
/build/php-src-php-7.2.1/ext/opcache/conftest.c:67: undefined reference to `shm_unlink'
/build/php-src-php-7.2.1/ext/opcache/conftest.c:59: undefined reference to `shm_unlink'
collect2: error: ld returned 1 exit status
configure:4635: $? = 1
configure: program exited with status 1
configure: failed program was:
| /* confdefs.h */
| #define PACKAGE_NAME ""
| #define PACKAGE_TARNAME ""
| #define PACKAGE_VERSION ""
| #define PACKAGE_STRING ""
| #define PACKAGE_BUGREPORT ""
| #define PACKAGE_URL ""
| #define HAVE_OPCACHE_FILE_CACHE 1
| #define HAVE_HUGE_CODE_PAGES 1
| #define HAVE_MPROTECT 1
| #define STDC_HEADERS 1
| #define HAVE_SYS_TYPES_H 1
| #define HAVE_SYS_STAT_H 1
| #define HAVE_STDLIB_H 1
| #define HAVE_STRING_H 1
| #define HAVE_MEMORY_H 1
| #define HAVE_STRINGS_H 1
| #define HAVE_INTTYPES_H 1
| #define HAVE_STDINT_H 1
| #define HAVE_UNISTD_H 1
| #define HAVE_UNISTD_H 1
| #define HAVE_SYS_UIO_H 1
| #define HAVE_SHM_IPC 1
| #define HAVE_SHM_MMAP_ANON 1
| #define HAVE_SHM_MMAP_ZERO 1
| /* end confdefs.h.  */
| 
| #include <sys/types.h>
| #include <sys/wait.h>
| #include <sys/mman.h>
| #include <sys/stat.h>
| #include <fcntl.h>
| #include <unistd.h>
| #include <string.h>
| #include <stdlib.h>
| #include <stdio.h>
| 
| #ifndef MAP_FAILED
| # define MAP_FAILED ((void*)-1)
| #endif
| 
| int main() {
|   pid_t pid;
|   int status;
|   int fd;
|   char *shm;
|   char tmpname[4096];
| 
|   sprintf(tmpname,"test.shm.%dXXXXXX", getpid());
|   if (mktemp(tmpname) == NULL) {
|     return 1;
|   }
|   fd = shm_open(tmpname, O_RDWR | O_CREAT, S_IRUSR | S_IWUSR);
|   if (fd == -1) {
|     return 2;
|   }
|   if (ftruncate(fd, 4096) < 0) {
|     close(fd);
|     shm_unlink(tmpname);
|     return 3;
|   }
| 
|   shm = mmap(NULL, 4096, PROT_READ | PROT_WRITE, MAP_SHARED, fd, 0);
|   if (shm == MAP_FAILED) {
|     return 4;
|   }
|   shm_unlink(tmpname);
|   close(fd);
| 
|   strcpy(shm, "hello");
| 
|   pid = fork();
|   if (pid < 0) {
|     return 5;
|   } else if (pid == 0) {
|     strcpy(shm, "bye");
|     return 6;
|   }
|   if (wait(&status) != pid) {
|     return 7;
|   }
|   if (!WIFEXITED(status) || WEXITSTATUS(status) != 6) {
|     return 8;
|   }
|   if (strcmp(shm, "bye") != 0) {
|     return 9;
|   }
|   return 0;
| }
| 
configure:4647: result: no
configure:4650: checking for mmap() using regular file shared memory support
configure:4722: cc -o conftest -g -O2   conftest.c  >&5
/tmp/ccyTyZ3V.o: In function `main':
/build/php-src-php-7.2.1/ext/opcache/conftest.c:50: warning: the use of `mktemp' is dangerous, better use `mkstemp' or `mkdtemp'
configure:4722: $? = 0
configure:4722: ./conftest
configure:4722: $? = 0
configure:4734: result: yes
configure:4738: checking "whether flock struct is linux ordered"
configure:4759: cc -o conftest -g -O2   conftest.c  >&5
configure:4759: $? = 0
configure:4759: ./conftest
configure:4759: $? = 0
configure:4765: result: "yes"
configure:4777: checking "whether flock struct is BSD ordered"
configure:4798: cc -o conftest -g -O2   conftest.c  >&5
configure:4798: $? = 0
configure:4798: ./conftest
configure:4798: $? = 1
configure: program exited with status 1
configure: failed program was:
| /* confdefs.h */
| #define PACKAGE_NAME ""
| #define PACKAGE_TARNAME ""
| #define PACKAGE_VERSION ""
| #define PACKAGE_STRING ""
| #define PACKAGE_BUGREPORT ""
| #define PACKAGE_URL ""
| #define HAVE_OPCACHE_FILE_CACHE 1
| #define HAVE_HUGE_CODE_PAGES 1
| #define HAVE_MPROTECT 1
| #define STDC_HEADERS 1
| #define HAVE_SYS_TYPES_H 1
| #define HAVE_SYS_STAT_H 1
| #define HAVE_STDLIB_H 1
| #define HAVE_STRING_H 1
| #define HAVE_MEMORY_H 1
| #define HAVE_STRINGS_H 1
| #define HAVE_INTTYPES_H 1
| #define HAVE_STDINT_H 1
| #define HAVE_UNISTD_H 1
| #define HAVE_UNISTD_H 1
| #define HAVE_SYS_UIO_H 1
| #define HAVE_SHM_IPC 1
| #define HAVE_SHM_MMAP_ANON 1
| #define HAVE_SHM_MMAP_ZERO 1
| #define HAVE_SHM_MMAP_FILE 1
| #define HAVE_FLOCK_LINUX /**/
| /* end confdefs.h.  */
| 
|   #include <fcntl.h>
|   struct flock lock = { 1, 2, 3, 4, 5 };
|   int main() {
|     if(lock.l_start == 1 && lock.l_len == 2 && lock.l_type == 4 && lock.l_whence == 5) {
| 		return 0;
|     }
|     return 1;
|   }
| 
configure:4808: result: "no"
configure:5321: checking for ld used by cc
configure:5388: result: /usr/bin/ld
configure:5395: checking if the linker (/usr/bin/ld) is GNU ld
configure:5410: result: yes
configure:5415: checking for /usr/bin/ld option to reload object files
configure:5422: result: -r
configure:5440: checking for BSD-compatible nm
configure:5489: result: /usr/bin/nm -B
configure:5493: checking whether ln -s works
configure:5497: result: yes
configure:5504: checking how to recognize dependent libraries
configure:5690: result: pass_all
configure:5775: cc -c -g -O2  conftest.c >&5
configure:5778: $? = 0
configure:5910: checking dlfcn.h usability
configure:5910: cc -c -g -O2  conftest.c >&5
configure:5910: $? = 0
configure:5910: result: yes
configure:5910: checking dlfcn.h presence
configure:5910: cc -E  conftest.c
configure:5910: $? = 0
configure:5910: result: yes
configure:5910: checking for dlfcn.h
configure:5910: result: yes
configure:5932: checking the maximum length of command line arguments
configure:6044: result: 1572864
configure:6056: checking command to parse /usr/bin/nm -B output from cc object
configure:6161: cc -c -g -O2  conftest.c >&5
configure:6164: $? = 0
configure:6168: /usr/bin/nm -B conftest.o \| sed -n -e 's/^.*[ 	]\([ABCDGIRSTW][ABCDGIRSTW]*\)[ 	][ 	]*\([_A-Za-z][_A-Za-z0-9]*\)$/\1 \2 \2/p' \> conftest.nm
configure:6171: $? = 0
configure:6223: cc -o conftest -g -O2   conftest.c conftstm.o >&5
configure:6226: $? = 0
configure:6264: result: ok
configure:6268: checking for objdir
configure:6283: result: .libs
configure:6375: checking for ar
configure:6391: found /usr/bin/ar
configure:6402: result: ar
configure:6467: checking for ranlib
configure:6483: found /usr/bin/ranlib
configure:6494: result: ranlib
configure:6559: checking for strip
configure:6575: found /usr/bin/strip
configure:6586: result: strip
configure:7155: checking if cc supports -fno-rtti -fno-exceptions
configure:7173: cc -c -g -O2  -fno-rtti -fno-exceptions conftest.c >&5
cc1: warning: command line option '-fno-rtti' is valid for C++/ObjC++ but not for C
configure:7177: $? = 0
configure:7190: result: no
configure:7205: checking for cc option to produce PIC
configure:7445: result: -fPIC
configure:7453: checking if cc PIC flag -fPIC works
configure:7471: cc -c -g -O2  -fPIC -DPIC conftest.c >&5
configure:7475: $? = 0
configure:7488: result: yes
configure:7516: checking if cc static flag -static works
configure:7544: result: yes
configure:7554: checking if cc supports -c -o file.o
configure:7575: cc -c -g -O2  -o out/conftest2.o conftest.c >&5
configure:7579: $? = 0
configure:7601: result: yes
configure:7627: checking whether the cc linker (/usr/bin/ld -m elf_x86_64) supports shared libraries
configure:8555: result: yes
configure:8576: checking whether -lc should be explicitly linked in
configure:8581: cc -c -g -O2  conftest.c >&5
configure:8584: $? = 0
configure:8599: cc -shared conftest.o  -v -Wl,-soname -Wl,conftest -o conftest 2\>\&1 \| grep  -lc  \>/dev/null 2\>\&1
configure:8602: $? = 0
configure:8614: result: no
configure:8622: checking dynamic linker characteristics
configure:9220: result: GNU/Linux ld.so
configure:9244: checking how to hardcode library paths into programs
configure:9269: result: immediate
configure:9283: checking whether stripping libraries is possible
configure:9288: result: yes
configure:9805: checking if libtool supports shared libraries
configure:9807: result: yes
configure:9810: checking whether to build shared libraries
configure:9831: result: yes
configure:9834: checking whether to build static libraries
configure:9838: result: no
configure:9933: result:
creating libtool
configure:13632: creating ./config.status

## ---------------------- ##
## Running config.status. ##
## ---------------------- ##

This file was extended by config.status, which was
generated by GNU Autoconf 2.69.  Invocation command line was

  CONFIG_FILES    = 
  CONFIG_HEADERS  = 
  CONFIG_LINKS    = 
  CONFIG_COMMANDS = 
  $ ./config.status 

on 3034aa052a21

config.status:686: creating config.h
config.status:776: config.h is unchanged

## ---------------- ##
## Cache variables. ##
## ---------------- ##

ac_cv_build=x86_64-unknown-linux-gnu
ac_cv_c_compiler_gnu=yes
ac_cv_env_CC_set=
ac_cv_env_CC_value=
ac_cv_env_CFLAGS_set=
ac_cv_env_CFLAGS_value=
ac_cv_env_CPPFLAGS_set=
ac_cv_env_CPPFLAGS_value=
ac_cv_env_CPP_set=
ac_cv_env_CPP_value=
ac_cv_env_LDFLAGS_set=
ac_cv_env_LDFLAGS_value=
ac_cv_env_LIBS_set=
ac_cv_env_LIBS_value=
ac_cv_env_build_alias_set=
ac_cv_env_build_alias_value=
ac_cv_env_host_alias_set=
ac_cv_env_host_alias_value=
ac_cv_env_target_alias_set=
ac_cv_env_target_alias_value=
ac_cv_func_mprotect=yes
ac_cv_header_dlfcn_h=yes
ac_cv_header_inttypes_h=yes
ac_cv_header_memory_h=yes
ac_cv_header_stdc=yes
ac_cv_header_stdint_h=yes
ac_cv_header_stdlib_h=yes
ac_cv_header_string_h=yes
ac_cv_header_strings_h=yes
ac_cv_header_sys_stat_h=yes
ac_cv_header_sys_types_h=yes
ac_cv_header_sys_uio_h=yes
ac_cv_header_unistd_h=yes
ac_cv_host=x86_64-unknown-linux-gnu
ac_cv_objext=o
ac_cv_path_EGREP='/bin/grep -E'
ac_cv_path_GREP=/bin/grep
ac_cv_prog_AWK=nawk
ac_cv_prog_CPP='cc -E'
ac_cv_prog_ac_ct_AR=ar
ac_cv_prog_ac_ct_CC=cc
ac_cv_prog_ac_ct_RANLIB=ranlib
ac_cv_prog_ac_ct_STRIP=strip
ac_cv_prog_cc_c89=
ac_cv_prog_cc_cc_c_o=yes
ac_cv_prog_cc_g=yes
ac_cv_target=x86_64-unknown-linux-gnu
lt_cv_deplibs_check_method=pass_all
lt_cv_file_magic_cmd='$MAGIC_CMD'
lt_cv_file_magic_test_file=
lt_cv_ld_reload_flag=-r
lt_cv_objdir=.libs
lt_cv_path_LD=/usr/bin/ld
lt_cv_path_NM='/usr/bin/nm -B'
lt_cv_path_SED=/bin/sed
lt_cv_prog_compiler_c_o=yes
lt_cv_prog_compiler_pic_works=yes
lt_cv_prog_compiler_rtti_exceptions=no
lt_cv_prog_compiler_static_works=yes
lt_cv_prog_gnu_ld=yes
lt_cv_sys_global_symbol_pipe='sed -n -e '\''s/^.*[ 	]\([ABCDGIRSTW][ABCDGIRSTW]*\)[ 	][ 	]*\([_A-Za-z][_A-Za-z0-9]*\)$/\1 \2 \2/p'\'''
lt_cv_sys_global_symbol_to_c_name_address='sed -n -e '\''s/^: \([^ ]*\) $/  {\"\1\", (lt_ptr) 0},/p'\'' -e '\''s/^[BCDEGRST] \([^ ]*\) \([^ ]*\)$/  {"\2", (lt_ptr) \&\2},/p'\'''
lt_cv_sys_global_symbol_to_cdecl='sed -n -e '\''s/^. .* \(.*\)$/extern int \1;/p'\'''
lt_cv_sys_lib_dlsearch_path_spec='/lib /usr/lib /usr/lib/x86_64-linux-gnu/libfakeroot /usr/local/lib /lib/x86_64-linux-gnu /usr/lib/x86_64-linux-gnu '
lt_cv_sys_lib_search_path_spec='/usr/lib/gcc/x86_64-linux-gnu/6 /usr/lib/x86_64-linux-gnu /usr/lib /lib/x86_64-linux-gnu /lib'
lt_cv_sys_max_cmd_len=1572864
lt_lt_cv_prog_compiler_c_o='"yes"'
lt_lt_cv_sys_global_symbol_pipe='"sed -n -e '\''s/^.*[ 	]\\([ABCDGIRSTW][ABCDGIRSTW]*\\)[ 	][ 	]*\\([_A-Za-z][_A-Za-z0-9]*\\)\$/\\1 \\2 \\2/p'\''"'
lt_lt_cv_sys_global_symbol_to_c_name_address='"sed -n -e '\''s/^: \\([^ ]*\\) \$/  {\\\"\\1\\\", (lt_ptr) 0},/p'\'' -e '\''s/^[BCDEGRST] \\([^ ]*\\) \\([^ ]*\\)\$/  {\"\\2\", (lt_ptr) \\&\\2},/p'\''"'
lt_lt_cv_sys_global_symbol_to_cdecl='"sed -n -e '\''s/^. .* \\(.*\\)\$/extern int \\1;/p'\''"'
php_cv_cc_dashr=no
php_cv_cc_rpath=yes

## ----------------- ##
## Output variables. ##
## ----------------- ##

AR='ar'
AWK='nawk'
CC='cc'
CFLAGS='-g -O2'
CONFIGURE_COMMAND=' '\''./configure'\'' '
CONFIGURE_OPTIONS=''
CPP='cc -E'
CPPFLAGS=' -DHAVE_CONFIG_H'
DEFS='-DHAVE_CONFIG_H'
DSYMUTIL=''
ECHO='echo'
ECHO_C=''
ECHO_N='-n'
ECHO_T=''
EGREP='/bin/grep -E'
EXEEXT=''
GREP='/bin/grep'
LDFLAGS=''
LIBOBJS=''
LIBS=''
LIBTOOL='$(SHELL) $(top_builddir)/libtool'
LN_S='ln -s'
LTLIBOBJS=''
NMEDIT=''
OBJEXT='o'
PACKAGE_BUGREPORT=''
PACKAGE_NAME=''
PACKAGE_STRING=''
PACKAGE_TARNAME=''
PACKAGE_URL=''
PACKAGE_VERSION=''
PATH_SEPARATOR=':'
RANLIB='ranlib'
RE2C='exit 0;'
SED='/bin/sed'
SHELL='/bin/bash'
SHLIB_DL_SUFFIX_NAME='so'
SHLIB_SUFFIX_NAME='so'
STRIP='strip'
ac_ct_CC='cc'
bindir='${exec_prefix}/bin'
build='x86_64-unknown-linux-gnu'
build_alias=''
build_cpu='x86_64'
build_os='linux-gnu'
build_vendor='unknown'
datadir='${datarootdir}'
datarootdir='${prefix}/share'
docdir='${datarootdir}/doc/${PACKAGE}'
dvidir='${docdir}'
exec_prefix='$(prefix)'
host='x86_64-unknown-linux-gnu'
host_alias='x86_64-unknown-linux-gnu'
host_cpu='x86_64'
host_os='linux-gnu'
host_vendor='unknown'
htmldir='${docdir}'
includedir='${prefix}/include'
infodir='${datarootdir}/info'
libdir='${exec_prefix}/lib'
libexecdir='${exec_prefix}/libexec'
localedir='${datarootdir}/locale'
localstatedir='${prefix}/var'
mandir='${datarootdir}/man'
oldincludedir='/usr/include'
pdfdir='${docdir}'
prefix='/usr/local'
program_transform_name='s,x,x,'
psdir='${docdir}'
runstatedir='${localstatedir}/run'
sbindir='${exec_prefix}/sbin'
sharedstatedir='${prefix}/com'
sysconfdir='${prefix}/etc'
target='x86_64-unknown-linux-gnu'
target_alias=''
target_cpu='x86_64'
target_os='linux-gnu'
target_vendor='unknown'

## ----------- ##
## confdefs.h. ##
## ----------- ##

/* confdefs.h */
#define PACKAGE_NAME ""
#define PACKAGE_TARNAME ""
#define PACKAGE_VERSION ""
#define PACKAGE_STRING ""
#define PACKAGE_BUGREPORT ""
#define PACKAGE_URL ""
#define HAVE_OPCACHE_FILE_CACHE 1
#define HAVE_HUGE_CODE_PAGES 1
#define HAVE_MPROTECT 1
#define STDC_HEADERS 1
#define HAVE_SYS_TYPES_H 1
#define HAVE_SYS_STAT_H 1
#define HAVE_STDLIB_H 1
#define HAVE_STRING_H 1
#define HAVE_MEMORY_H 1
#define HAVE_STRINGS_H 1
#define HAVE_INTTYPES_H 1
#define HAVE_STDINT_H 1
#define HAVE_UNISTD_H 1
#define HAVE_UNISTD_H 1
#define HAVE_SYS_UIO_H 1
#define HAVE_SHM_IPC 1
#define HAVE_SHM_MMAP_ANON 1
#define HAVE_SHM_MMAP_ZERO 1
#define HAVE_SHM_MMAP_FILE 1
#define HAVE_FLOCK_LINUX /**/
#define COMPILE_DL_OPCACHE 1
#define HAVE_DLFCN_H 1

configure: exit 0
